2025-09-01T22:01:13.528-0600 [INFO]  Terraform version: 1.5.7
2025-09-01T22:01:13.528-0600 [INFO]  Go runtime version: go1.23.1
2025-09-01T22:01:13.528-0600 [INFO]  CLI args: []string{"terraform", "-version"}
2025-09-01T22:01:13.528-0600 [INFO]  CLI command args: []string{"version", "-version"}
2025-09-01T22:01:38.384-0600 [INFO]  Terraform version: 1.5.7
2025-09-01T22:01:38.384-0600 [INFO]  Go runtime version: go1.23.1
2025-09-01T22:01:38.384-0600 [INFO]  CLI args: []string{"terraform", "-version"}
2025-09-01T22:01:38.385-0600 [INFO]  CLI command args: []string{"version", "-version"}
2025-09-01T22:02:25.441-0600 [INFO]  Terraform version: 1.5.7
2025-09-01T22:02:25.441-0600 [INFO]  Go runtime version: go1.23.1
2025-09-01T22:02:25.441-0600 [INFO]  CLI args: []string{"terraform", "-version"}
2025-09-01T22:02:25.442-0600 [INFO]  CLI command args: []string{"version", "-version"}
2025-09-01T22:42:30.476-0600 [INFO]  Terraform version: 1.5.7
2025-09-01T22:42:30.476-0600 [INFO]  Go runtime version: go1.23.1
2025-09-01T22:42:30.476-0600 [INFO]  CLI args: []string{"terraform", "-version"}
2025-09-01T22:42:30.477-0600 [INFO]  CLI command args: []string{"version", "-version"}
2025-09-01T22:42:55.044-0600 [INFO]  Terraform version: 1.5.7
2025-09-01T22:42:55.044-0600 [INFO]  Go runtime version: go1.23.1
2025-09-01T22:42:55.044-0600 [INFO]  CLI args: []string{"terraform", "-version"}
2025-09-01T22:42:55.044-0600 [INFO]  CLI command args: []string{"version", "-version"}
2025-09-01T22:42:55.782-0600 [INFO]  Terraform version: 1.5.7
2025-09-01T22:42:55.782-0600 [INFO]  Go runtime version: go1.23.1
2025-09-01T22:42:55.782-0600 [INFO]  CLI args: []string{"terraform", "apply"}
2025-09-01T22:42:55.783-0600 [INFO]  CLI command args: []string{"apply"}
2025-09-01T22:42:55.894-0600 [INFO]  backend/local: starting Apply operation
2025-09-01T22:42:57.203-0600 [INFO]  provider: configuring client automatic mTLS
2025-09-01T22:42:57.323-0600 [INFO]  provider.terraform-provider-google_v5.45.2_x5: configuring server automatic mTLS: timestamp=2025-09-01T22:42:57.322-0600
2025-09-01T22:42:57.408-0600 [INFO]  provider: configuring client automatic mTLS
2025-09-01T22:42:58.148-0600 [INFO]  provider.terraform-provider-google-beta_v5.45.2_x5: configuring server automatic mTLS: timestamp=2025-09-01T22:42:58.147-0600
2025-09-01T22:42:58.243-0600 [INFO]  ReferenceTransformer: reference not found: "each.value"
2025-09-01T22:42:58.247-0600 [INFO]  provider: configuring client automatic mTLS
2025-09-01T22:42:58.275-0600 [INFO]  provider.terraform-provider-google_v5.45.2_x5: configuring server automatic mTLS: timestamp=2025-09-01T22:42:58.275-0600
2025-09-01T22:42:58.372-0600 [INFO]  backend/local: apply calling Plan
2025-09-01T22:42:58.373-0600 [INFO]  ReferenceTransformer: reference not found: "each.value"
2025-09-01T22:42:58.374-0600 [INFO]  provider: configuring client automatic mTLS
2025-09-01T22:42:58.401-0600 [INFO]  provider.terraform-provider-google_v5.45.2_x5: configuring server automatic mTLS: timestamp=2025-09-01T22:42:58.401-0600
2025-09-01T22:42:58.489-0600 [INFO]  provider.terraform-provider-google_v5.45.2_x5: Authenticating using DefaultClient...: @module=google tf_mux_provider=*proto5server.Server tf_req_id=0d2aa1ee-db40-8c26-79ba-29129b311b5f @caller=github.com/hashicorp/terraform-provider-google/google/fwtransport/framework_config.go:1842 tf_rpc=ConfigureProvider tf_provider_addr=registry.terraform.io/hashicorp/google timestamp=2025-09-01T22:42:58.489-0600
2025-09-01T22:42:58.489-0600 [INFO]  provider.terraform-provider-google_v5.45.2_x5:   -- Scopes: [https://www.googleapis.com/auth/cloud-platform https://www.googleapis.com/auth/userinfo.email]: tf_rpc=ConfigureProvider @caller=github.com/hashicorp/terraform-provider-google/google/fwtransport/framework_config.go:1843 @module=google tf_req_id=0d2aa1ee-db40-8c26-79ba-29129b311b5f tf_mux_provider=*proto5server.Server tf_provider_addr=registry.terraform.io/hashicorp/google timestamp=2025-09-01T22:42:58.489-0600
2025-09-01T22:42:58.489-0600 [INFO]  provider.terraform-provider-google_v5.45.2_x5: Authenticating using DefaultClient...: @module=google @caller=github.com/hashicorp/terraform-provider-google/google/fwtransport/framework_config.go:1842 tf_mux_provider=*proto5server.Server tf_provider_addr=registry.terraform.io/hashicorp/google tf_req_id=0d2aa1ee-db40-8c26-79ba-29129b311b5f tf_rpc=ConfigureProvider timestamp=2025-09-01T22:42:58.489-0600
2025-09-01T22:42:58.489-0600 [INFO]  provider.terraform-provider-google_v5.45.2_x5:   -- Scopes: [https://www.googleapis.com/auth/cloud-platform https://www.googleapis.com/auth/userinfo.email]: tf_mux_provider=*proto5server.Server tf_rpc=ConfigureProvider @caller=github.com/hashicorp/terraform-provider-google/google/fwtransport/framework_config.go:1843 @module=google tf_provider_addr=registry.terraform.io/hashicorp/google tf_req_id=0d2aa1ee-db40-8c26-79ba-29129b311b5f timestamp=2025-09-01T22:42:58.489-0600
2025-09-01T22:42:59.281-0600 [INFO]  provider.terraform-provider-google_v5.45.2_x5: Terraform is using this identity: terraform-gke@test-demo-123456-guillermo.iam.gserviceaccount.com: @caller=github.com/hashicorp/terraform-provider-google/google/fwtransport/framework_config.go:1712 @module=google tf_req_id=0d2aa1ee-db40-8c26-79ba-29129b311b5f tf_mux_provider=*proto5server.Server tf_provider_addr=registry.terraform.io/hashicorp/google tf_rpc=ConfigureProvider timestamp=2025-09-01T22:42:59.280-0600
2025-09-01T22:42:59.491-0600 [INFO]  ReferenceTransformer: reference not found: "var.cluster_name"
2025-09-01T22:42:59.492-0600 [INFO]  ReferenceTransformer: reference not found: "var.environment"
2025-09-01T22:42:59.492-0600 [INFO]  ReferenceTransformer: reference not found: "var.cluster_name"
2025-09-01T22:42:59.492-0600 [INFO]  ReferenceTransformer: reference not found: "var.cluster_name"
2025-09-01T22:42:59.492-0600 [INFO]  ReferenceTransformer: reference not found: "var.cluster_name"
2025-09-01T22:42:59.492-0600 [INFO]  ReferenceTransformer: reference not found: "var.environment"
2025-09-01T22:42:59.492-0600 [INFO]  ReferenceTransformer: reference not found: "var.cluster_name"
2025-09-01T22:42:59.492-0600 [INFO]  ReferenceTransformer: reference not found: "var.environment"
2025-09-01T22:42:59.492-0600 [INFO]  ReferenceTransformer: reference not found: "var.cluster_name"
2025-09-01T22:42:59.493-0600 [INFO]  ReferenceTransformer: reference not found: "var.enable_autopilot"
2025-09-01T22:42:59.493-0600 [INFO]  ReferenceTransformer: reference not found: "var.cluster_name"
2025-09-01T22:42:59.493-0600 [INFO]  ReferenceTransformer: reference not found: "var.network_name"
2025-09-01T22:43:00.189-0600 [WARN]  Provider "registry.terraform.io/hashicorp/google" produced an invalid plan for google_service_account.gke_service_account, but we are tolerating it because it is using the legacy plugin SDK.
    The following problems may be the cause of any confusing errors from downstream operations:
      - .disabled: planned value cty.False for a non-computed attribute
2025-09-01T22:43:00.190-0600 [INFO]  ReferenceTransformer: reference not found: "var.project_id"
2025-09-01T22:43:00.190-0600 [INFO]  ReferenceTransformer: reference not found: "each.value"
2025-09-01T22:43:00.190-0600 [INFO]  ReferenceTransformer: reference not found: "var.project_id"
2025-09-01T22:43:00.190-0600 [INFO]  ReferenceTransformer: reference not found: "each.value"
2025-09-01T22:43:00.190-0600 [INFO]  ReferenceTransformer: reference not found: "var.project_id"
2025-09-01T22:43:00.190-0600 [INFO]  ReferenceTransformer: reference not found: "each.value"
2025-09-01T22:43:00.198-0600 [WARN]  Provider "registry.terraform.io/hashicorp/google" produced an unexpected new value for google_secret_manager_secret.kubeconfig during refresh.
      - .version_aliases: was null, but now cty.MapValEmpty(cty.String)
      - .annotations: was null, but now cty.MapValEmpty(cty.String)
2025-09-01T22:43:00.203-0600 [WARN]  Provider "registry.terraform.io/hashicorp/google" produced an invalid plan for google_secret_manager_secret.kubeconfig, but we are tolerating it because it is using the legacy plugin SDK.
    The following problems may be the cause of any confusing errors from downstream operations:
      - .annotations: planned value cty.MapValEmpty(cty.String) for a non-computed attribute
      - .version_destroy_ttl: planned value cty.StringVal("") for a non-computed attribute
      - .version_aliases: planned value cty.MapValEmpty(cty.String) for a non-computed attribute
2025-09-01T22:43:00.206-0600 [WARN]  Provider "registry.terraform.io/hashicorp/google" produced an unexpected new value for google_secret_manager_secret.gke_service_account_key during refresh.
      - .version_aliases: was null, but now cty.MapValEmpty(cty.String)
      - .annotations: was null, but now cty.MapValEmpty(cty.String)
2025-09-01T22:43:00.209-0600 [WARN]  Provider "registry.terraform.io/hashicorp/google" produced an invalid plan for google_secret_manager_secret.gke_service_account_key, but we are tolerating it because it is using the legacy plugin SDK.
    The following problems may be the cause of any confusing errors from downstream operations:
      - .version_destroy_ttl: planned value cty.StringVal("") for a non-computed attribute
      - .version_aliases: planned value cty.MapValEmpty(cty.String) for a non-computed attribute
      - .annotations: planned value cty.MapValEmpty(cty.String) for a non-computed attribute
2025-09-01T22:43:00.284-0600 [WARN]  Provider "registry.terraform.io/hashicorp/google" produced an invalid plan for google_compute_network.gke_network[0], but we are tolerating it because it is using the legacy plugin SDK.
    The following problems may be the cause of any confusing errors from downstream operations:
      - .network_firewall_policy_enforcement_order: planned value cty.StringVal("AFTER_CLASSIC_FIREWALL") for a non-computed attribute
      - .delete_default_routes_on_create: planned value cty.False for a non-computed attribute
      - .description: planned value cty.StringVal("") for a non-computed attribute
      - .enable_ula_internal_ipv6: planned value cty.False for a non-computed attribute
2025-09-01T22:43:00.285-0600 [INFO]  ReferenceTransformer: reference not found: "var.enable_autopilot"
2025-09-01T22:43:00.285-0600 [INFO]  ReferenceTransformer: reference not found: "var.cluster_name"
2025-09-01T22:43:00.285-0600 [INFO]  ReferenceTransformer: reference not found: "var.region"
2025-09-01T22:43:00.285-0600 [INFO]  ReferenceTransformer: reference not found: "var.enable_autopilot"
2025-09-01T22:43:00.285-0600 [INFO]  ReferenceTransformer: reference not found: "var.cluster_name"
2025-09-01T22:43:00.285-0600 [INFO]  ReferenceTransformer: reference not found: "var.subnet_name"
2025-09-01T22:43:00.285-0600 [INFO]  ReferenceTransformer: reference not found: "var.subnet_cidr"
2025-09-01T22:43:00.285-0600 [INFO]  ReferenceTransformer: reference not found: "var.region"
2025-09-01T22:43:00.285-0600 [INFO]  ReferenceTransformer: reference not found: "var.pods_cidr"
2025-09-01T22:43:00.285-0600 [INFO]  ReferenceTransformer: reference not found: "var.services_cidr"
2025-09-01T22:43:00.510-0600 [WARN]  Provider "registry.terraform.io/hashicorp/google" produced an invalid plan for google_compute_router.gke_router[0], but we are tolerating it because it is using the legacy plugin SDK.
    The following problems may be the cause of any confusing errors from downstream operations:
      - .description: planned value cty.StringVal("") for a non-computed attribute
      - .encrypted_interconnect_router: planned value cty.False for a non-computed attribute
2025-09-01T22:43:00.511-0600 [INFO]  ReferenceTransformer: reference not found: "var.enable_autopilot"
2025-09-01T22:43:00.511-0600 [INFO]  ReferenceTransformer: reference not found: "var.cluster_name"
2025-09-01T22:43:00.511-0600 [INFO]  ReferenceTransformer: reference not found: "var.region"
2025-09-01T22:43:00.519-0600 [WARN]  Provider "registry.terraform.io/hashicorp/google" produced an invalid plan for google_compute_subnetwork.gke_subnet[0], but we are tolerating it because it is using the legacy plugin SDK.
    The following problems may be the cause of any confusing errors from downstream operations:
      - .description: planned value cty.StringVal("") for a non-computed attribute
      - .role: planned value cty.StringVal("") for a non-computed attribute
      - .ipv6_access_type: planned value cty.StringVal("") for a non-computed attribute
2025-09-01T22:43:00.746-0600 [WARN]  Provider "registry.terraform.io/hashicorp/google" produced an unexpected new value for google_compute_router_nat.gke_nat[0] during refresh.
      - .nat_ips: was null, but now cty.SetValEmpty(cty.String)
      - .drain_nat_ips: was null, but now cty.SetValEmpty(cty.String)
2025-09-01T22:43:00.753-0600 [WARN]  Provider "registry.terraform.io/hashicorp/google" produced an invalid plan for google_compute_router_nat.gke_nat[0], but we are tolerating it because it is using the legacy plugin SDK.
    The following problems may be the cause of any confusing errors from downstream operations:
      - .drain_nat_ips: planned value cty.SetValEmpty(cty.String) for a non-computed attribute
      - .icmp_idle_timeout_sec: planned value cty.NumberIntVal(30) for a non-computed attribute
      - .tcp_established_idle_timeout_sec: planned value cty.NumberIntVal(1200) for a non-computed attribute
      - .udp_idle_timeout_sec: planned value cty.NumberIntVal(30) for a non-computed attribute
      - .max_ports_per_vm: planned value cty.NumberIntVal(0) for a non-computed attribute
      - .tcp_transitory_idle_timeout_sec: planned value cty.NumberIntVal(30) for a non-computed attribute
      - .nat_ips: planned value cty.SetValEmpty(cty.String) for a non-computed attribute
      - .tcp_time_wait_timeout_sec: planned value cty.NumberIntVal(120) for a non-computed attribute
2025-09-01T22:43:01.271-0600 [INFO]  ReferenceTransformer: reference not found: "google_project_iam_member.gke_service_account_roles"
2025-09-01T22:43:01.271-0600 [INFO]  ReferenceTransformer: reference not found: "var.enable_autopilot"
2025-09-01T22:43:01.271-0600 [INFO]  ReferenceTransformer: reference not found: "var.cluster_name"
2025-09-01T22:43:01.271-0600 [INFO]  ReferenceTransformer: reference not found: "var.region"
2025-09-01T22:43:01.271-0600 [INFO]  ReferenceTransformer: reference not found: "var.environment"
2025-09-01T22:43:01.271-0600 [INFO]  ReferenceTransformer: reference not found: "var.master_cidr"
2025-09-01T22:43:01.271-0600 [INFO]  ReferenceTransformer: reference not found: "var.project_id"
2025-09-01T22:43:01.971-0600 [WARN]  Provider "registry.terraform.io/hashicorp/google" produced an invalid plan for google_container_cluster.gke_standard_cluster[0], but we are tolerating it because it is using the legacy plugin SDK.
    The following problems may be the cause of any confusing errors from downstream operations:
      - .description: planned value cty.StringVal("") for a non-computed attribute
      - .enable_shielded_nodes: planned value cty.True for a non-computed attribute
      - .deletion_protection: planned value cty.True for a non-computed attribute
      - .enable_multi_networking: planned value cty.False for a non-computed attribute
      - .enable_autopilot: planned value cty.False for a non-computed attribute
      - .enable_cilium_clusterwide_network_policy: planned value cty.False for a non-computed attribute
      - .enable_tpu: planned value cty.False for a non-computed attribute
      - .enable_kubernetes_alpha: planned value cty.False for a non-computed attribute
      - .enable_l4_ilb_subsetting: planned value cty.False for a non-computed attribute
      - .enable_legacy_abac: planned value cty.False for a non-computed attribute
      - .addons_config[0].gce_persistent_disk_csi_driver_config: block count in plan (1) disagrees with count in config (0)
      - .network_policy: block count in plan (1) disagrees with count in config (0)
      - .node_pool_defaults: block count in plan (1) disagrees with count in config (0)
      - .notification_config: block count in plan (1) disagrees with count in config (0)
      - .default_snat_status: block count in plan (1) disagrees with count in config (0)
      - .logging_config: block count in plan (1) disagrees with count in config (0)
      - .monitoring_config: block count in plan (1) disagrees with count in config (0)
      - .node_pool_auto_config: block count in plan (1) disagrees with count in config (0)
      - .binary_authorization: block count in plan (1) disagrees with count in config (0)
      - .database_encryption: block count in plan (1) disagrees with count in config (0)
      - .ip_allocation_policy[0].stack_type: planned value cty.StringVal("IPV4") for a non-computed attribute
      - .ip_allocation_policy[0].pod_cidr_overprovision_config: block count in plan (1) disagrees with count in config (0)
      - .private_cluster_config[0].private_endpoint_subnetwork: planned value cty.StringVal("") for a non-computed attribute
      - .private_cluster_config[0].master_global_access_config: block count in plan (1) disagrees with count in config (0)
      - .security_posture_config: block count in plan (1) disagrees with count in config (0)
      - .service_external_ips_config: block count in plan (1) disagrees with count in config (0)
      - .cluster_autoscaling: block count in plan (1) disagrees with count in config (0)
      - .release_channel: block count in plan (1) disagrees with count in config (0)
2025-09-01T22:43:01.974-0600 [INFO]  ReferenceTransformer: reference not found: "google_container_cluster.gke_standard_cluster"
2025-09-01T22:43:01.974-0600 [INFO]  ReferenceTransformer: reference not found: "var.enable_autopilot"
2025-09-01T22:43:01.974-0600 [INFO]  ReferenceTransformer: reference not found: "var.region"
2025-09-01T22:43:01.974-0600 [INFO]  ReferenceTransformer: reference not found: "var.cluster_name"
2025-09-01T22:43:01.974-0600 [INFO]  ReferenceTransformer: reference not found: "var.node_count"
2025-09-01T22:43:01.974-0600 [INFO]  ReferenceTransformer: reference not found: "var.max_node_count"
2025-09-01T22:43:01.974-0600 [INFO]  ReferenceTransformer: reference not found: "var.min_node_count"
2025-09-01T22:43:01.974-0600 [INFO]  ReferenceTransformer: reference not found: "var.enable_preemptible"
2025-09-01T22:43:01.974-0600 [INFO]  ReferenceTransformer: reference not found: "var.node_type"
2025-09-01T22:43:01.974-0600 [INFO]  ReferenceTransformer: reference not found: "var.disk_size_gb"
2025-09-01T22:43:01.974-0600 [INFO]  ReferenceTransformer: reference not found: "var.environment"
2025-09-01T22:43:01.974-0600 [INFO]  ReferenceTransformer: reference not found: "var.enable_preemptible"
2025-09-01T22:43:01.974-0600 [INFO]  ReferenceTransformer: reference not found: "var.enable_preemptible"
2025-09-01T22:43:02.156-0600 [WARN]  Provider "registry.terraform.io/hashicorp/google" produced an unexpected new value for google_container_node_pool.gke_node_pool[0] during refresh.
      - Root resource was present, but now absent
2025-09-01T22:43:02.174-0600 [WARN]  Provider "registry.terraform.io/hashicorp/google" produced an invalid plan for google_container_node_pool.gke_node_pool[0], but we are tolerating it because it is using the legacy plugin SDK.
    The following problems may be the cause of any confusing errors from downstream operations:
      - .upgrade_settings[0].strategy: planned value cty.StringVal("SURGE") for a non-computed attribute
      - .upgrade_settings[0].blue_green_settings: attribute representing nested block must not be unknown itself; set nested attribute values to unknown instead
      - .network_config: attribute representing nested block must not be unknown itself; set nested attribute values to unknown instead
      - .node_config[0].preemptible: planned value cty.False for a non-computed attribute
      - .node_config[0].kubelet_config: attribute representing nested block must not be unknown itself; set nested attribute values to unknown instead
      - .node_config[0].confidential_nodes: attribute representing nested block must not be unknown itself; set nested attribute values to unknown instead
      - .node_config[0].gcfs_config: attribute representing nested block must not be unknown itself; set nested attribute values to unknown instead
2025-09-01T22:43:02.185-0600 [INFO]  ReferenceTransformer: reference not found: "google_container_cluster.gke_standard_cluster#destroy"
2025-09-01T22:43:06.619-0600 [INFO]  backend/local: apply calling Apply
2025-09-01T22:43:06.622-0600 [INFO]  ReferenceTransformer: reference not found: "google_container_cluster.gke_standard_cluster#destroy"
2025-09-01T22:43:06.625-0600 [INFO]  provider: configuring client automatic mTLS
2025-09-01T22:43:06.675-0600 [INFO]  provider.terraform-provider-google_v5.45.2_x5: configuring server automatic mTLS: timestamp=2025-09-01T22:43:06.675-0600
2025-09-01T22:43:06.759-0600 [INFO]  provider.terraform-provider-google_v5.45.2_x5: Authenticating using DefaultClient...: @module=google tf_req_id=f94fdd15-e3e1-d3ea-e206-1734eaff35b4 @caller=github.com/hashicorp/terraform-provider-google/google/fwtransport/framework_config.go:1842 tf_mux_provider=*proto5server.Server tf_provider_addr=registry.terraform.io/hashicorp/google tf_rpc=ConfigureProvider timestamp=2025-09-01T22:43:06.759-0600
2025-09-01T22:43:06.759-0600 [INFO]  provider.terraform-provider-google_v5.45.2_x5:   -- Scopes: [https://www.googleapis.com/auth/cloud-platform https://www.googleapis.com/auth/userinfo.email]: tf_rpc=ConfigureProvider @caller=github.com/hashicorp/terraform-provider-google/google/fwtransport/framework_config.go:1843 @module=google tf_mux_provider=*proto5server.Server tf_provider_addr=registry.terraform.io/hashicorp/google tf_req_id=f94fdd15-e3e1-d3ea-e206-1734eaff35b4 timestamp=2025-09-01T22:43:06.759-0600
2025-09-01T22:43:06.759-0600 [INFO]  provider.terraform-provider-google_v5.45.2_x5: Authenticating using DefaultClient...: @module=google tf_mux_provider=*proto5server.Server @caller=github.com/hashicorp/terraform-provider-google/google/fwtransport/framework_config.go:1842 tf_provider_addr=registry.terraform.io/hashicorp/google tf_req_id=f94fdd15-e3e1-d3ea-e206-1734eaff35b4 tf_rpc=ConfigureProvider timestamp=2025-09-01T22:43:06.759-0600
2025-09-01T22:43:06.759-0600 [INFO]  provider.terraform-provider-google_v5.45.2_x5:   -- Scopes: [https://www.googleapis.com/auth/cloud-platform https://www.googleapis.com/auth/userinfo.email]: @caller=github.com/hashicorp/terraform-provider-google/google/fwtransport/framework_config.go:1843 tf_mux_provider=*proto5server.Server tf_provider_addr=registry.terraform.io/hashicorp/google @module=google tf_req_id=f94fdd15-e3e1-d3ea-e206-1734eaff35b4 tf_rpc=ConfigureProvider timestamp=2025-09-01T22:43:06.759-0600
2025-09-01T22:43:07.323-0600 [INFO]  provider.terraform-provider-google_v5.45.2_x5: Terraform is using this identity: terraform-gke@test-demo-123456-guillermo.iam.gserviceaccount.com: @caller=github.com/hashicorp/terraform-provider-google/google/fwtransport/framework_config.go:1712 @module=google tf_mux_provider=*proto5server.Server tf_req_id=f94fdd15-e3e1-d3ea-e206-1734eaff35b4 tf_provider_addr=registry.terraform.io/hashicorp/google tf_rpc=ConfigureProvider timestamp=2025-09-01T22:43:07.323-0600
2025-09-01T22:43:07.555-0600 [WARN]  Provider "registry.terraform.io/hashicorp/google" produced an invalid plan for google_container_node_pool.gke_node_pool[0], but we are tolerating it because it is using the legacy plugin SDK.
    The following problems may be the cause of any confusing errors from downstream operations:
      - .network_config: attribute representing nested block must not be unknown itself; set nested attribute values to unknown instead
      - .node_config[0].preemptible: planned value cty.False for a non-computed attribute
      - .node_config[0].gcfs_config: attribute representing nested block must not be unknown itself; set nested attribute values to unknown instead
      - .node_config[0].kubelet_config: attribute representing nested block must not be unknown itself; set nested attribute values to unknown instead
      - .node_config[0].confidential_nodes: attribute representing nested block must not be unknown itself; set nested attribute values to unknown instead
      - .upgrade_settings[0].strategy: planned value cty.StringVal("SURGE") for a non-computed attribute
      - .upgrade_settings[0].blue_green_settings: attribute representing nested block must not be unknown itself; set nested attribute values to unknown instead
2025-09-01T22:43:07.556-0600 [INFO]  Starting apply for google_container_node_pool.gke_node_pool[0]
2025-09-01T22:44:51.636-0600 [WARN]  Provider "provider[\"registry.terraform.io/hashicorp/google\"]" produced an unexpected new value for google_container_node_pool.gke_node_pool[0], but we are tolerating it because it is using the legacy plugin SDK.
    The following problems may be the cause of any confusing errors from downstream operations:
      - .autoscaling[0].total_max_node_count: was null, but now cty.NumberIntVal(0)
      - .autoscaling[0].total_min_node_count: was null, but now cty.NumberIntVal(0)
      - .node_config[0].enable_confidential_storage: was null, but now cty.False
      - .node_config[0].boot_disk_kms_key: was null, but now cty.StringVal("")
      - .node_config[0].resource_labels: was null, but now cty.MapVal(map[string]cty.Value{"goog-gke-node-pool-provisioning-model":cty.StringVal("spot")})
      - .node_config[0].node_group: was null, but now cty.StringVal("")
